Importing wiki...
+ <mediawiki>: add NS[def] = http://www.mediawiki.org/xml/export-0.3/
+ <mediawiki>: add NS[xsi] = http://www.w3.org/2001/XMLSchema-instance
+ <mediawiki>: add NS[schemaLocation] = http://www.mediawiki.org/xml/export-0.3/ http://www.mediawiki.org/xml/export-0.3.xsd
+ <mediawiki>: add NS[lang] = en
+ <text>: add NS[space] = preserve

 notes in total{6} sizes in statistic:1212 max note length{6} sizes in statistic:86458 average note length{6} sizes in statistic:3057 summary length of all notes{6} sizes in statistic:3705796 file:* records
	0 kb = 322 records
	1 kb = 347 records
	2 kb = 139 records
	3 kb = 91 records
	4 kb = 69 records
	5 kb = 48 records
	6 kb = 41 records
	7 kb = 24 records
	8 kb = 25 records
	9 kb = 12 records
	10 kb = 11 records
	11 kb = 10 records
	12 kb = 9 records
	13 kb = 3 records
	14 kb = 5 records
	15 kb = 5 records
	16 kb = 7 records
	17 kb = 2 records
	18 kb = 3 records
	19 kb = 4 records
	20 kb = 6 records
	21 kb = 3 records
	22 kb = 1 records
	23 kb = 2 records
	24 kb = 2 records
	25 kb = 3 records
	28 kb = 3 records
	31 kb = 1 records
	32 kb = 3 records
	33 kb = 1 records
	36 kb = 1 records
	39 kb = 1 records
	42 kb = 1 records
	56 kb = 1 records
	57 kb = 1 records
	59 kb = 1 records
	71 kb = 1 records
	73 kb = 1 records
	85 kb = 2 records
Importing wiki...
+ <mediawiki>: add NS[def] = http://www.mediawiki.org/xml/export-0.3/
+ <mediawiki>: add NS[xsi] = http://www.w3.org/2001/XMLSchema-instance
+ <mediawiki>: add NS[schemaLocation] = http://www.mediawiki.org/xml/export-0.3/ http://www.mediawiki.org/xml/export-0.3.xsd
+ <mediawiki>: add NS[lang] = en
+ <text>: add NS[space] = preserve

 notes in total{6} sizes in statistic:1212 max note length{6} sizes in statistic:86458 average note length{6} sizes in statistic:3057 summary length of all notes{6} sizes in statistic:3705796 file:* records
	0 kb = 322 records
	1 kb = 347 records
	2 kb = 139 records
	3 kb = 91 records
	4 kb = 69 records
	5 kb = 48 records
	6 kb = 41 records
	7 kb = 24 records
	8 kb = 25 records
	9 kb = 12 records
	10 kb = 11 records
	11 kb = 10 records
	12 kb = 9 records
	13 kb = 3 records
	14 kb = 5 records
	15 kb = 5 records
	16 kb = 7 records
	17 kb = 2 records
	18 kb = 3 records
	19 kb = 4 records
	20 kb = 6 records
	21 kb = 3 records
	22 kb = 1 records
	23 kb = 2 records
	24 kb = 2 records
	25 kb = 3 records
	28 kb = 3 records
	31 kb = 1 records
	32 kb = 3 records
	33 kb = 1 records
	36 kb = 1 records
	39 kb = 1 records
	42 kb = 1 records
	56 kb = 1 records
	57 kb = 1 records
	59 kb = 1 records
	71 kb = 1 records
	73 kb = 1 records
	85 kb = 2 records
Importing wiki...
+ <mediawiki>: add NS[def] = http://www.mediawiki.org/xml/export-0.3/
+ <mediawiki>: add NS[xsi] = http://www.w3.org/2001/XMLSchema-instance
+ <mediawiki>: add NS[schemaLocation] = http://www.mediawiki.org/xml/export-0.3/ http://www.mediawiki.org/xml/export-0.3.xsd
+ <mediawiki>: add NS[lang] = en
+ <text>: add NS[space] = preserve

 notes in total{6} sizes in statistic:1212 max note length{6} sizes in statistic:86458 average note length{6} sizes in statistic:3057 summary length of all notes{6} sizes in statistic:3705796 file:* records
Importing wiki...
+ <mediawiki>: add NS[def] = http://www.mediawiki.org/xml/export-0.3/
+ <mediawiki>: add NS[xsi] = http://www.w3.org/2001/XMLSchema-instance
+ <mediawiki>: add NS[schemaLocation] = http://www.mediawiki.org/xml/export-0.3/ http://www.mediawiki.org/xml/export-0.3.xsd
+ <mediawiki>: add NS[lang] = en
+ <text>: add NS[space] = preserve
1212 notes in total
86458 max note length
3057 average note length
3705796 summary length of all notes
340 file:* records39 sizes in statistic:
Importing wiki...
+ <mediawiki>: add NS[def] = http://www.mediawiki.org/xml/export-0.3/
+ <mediawiki>: add NS[xsi] = http://www.w3.org/2001/XMLSchema-instance
+ <mediawiki>: add NS[schemaLocation] = http://www.mediawiki.org/xml/export-0.3/ http://www.mediawiki.org/xml/export-0.3.xsd
+ <mediawiki>: add NS[lang] = en
+ <text>: add NS[space] = preserve
--- Some statistic ---
1212 notes in total
86458 max note length
3057 average note length
3705796 summary length of all notes
340 file:* records39 sizes in statistic:
	0 kb = 322 records
	1 kb = 347 records
	2 kb = 139 records
	3 kb = 91 records
	4 kb = 69 records
	5 kb = 48 records
	6 kb = 41 records
	7 kb = 24 records
	8 kb = 25 records
	9 kb = 12 records
	10 kb = 11 records
	11 kb = 10 records
	12 kb = 9 records
	13 kb = 3 records
	14 kb = 5 records
	15 kb = 5 records
	16 kb = 7 records
	17 kb = 2 records
	18 kb = 3 records
	19 kb = 4 records
	20 kb = 6 records
	21 kb = 3 records
	22 kb = 1 records
	23 kb = 2 records
	24 kb = 2 records
	25 kb = 3 records
	28 kb = 3 records
	31 kb = 1 records
	32 kb = 3 records
	33 kb = 1 records
	36 kb = 1 records
	39 kb = 1 records
	42 kb = 1 records
	56 kb = 1 records
	57 kb = 1 records
	59 kb = 1 records
	71 kb = 1 records
	73 kb = 1 records
	85 kb = 2 records
Importing wiki...
+ <mediawiki>: add NS[def] = http://www.mediawiki.org/xml/export-0.3/
+ <mediawiki>: add NS[xsi] = http://www.w3.org/2001/XMLSchema-instance
+ <mediawiki>: add NS[schemaLocation] = http://www.mediawiki.org/xml/export-0.3/ http://www.mediawiki.org/xml/export-0.3.xsd
+ <mediawiki>: add NS[lang] = en
+ <text>: add NS[space] = preserve
--- Some statistic ---
1212 notes in total
86458 max note length
3057 average note length
3705796 summary length of all notes
340 file:* records
39 sizes in statistic:
	#1: 0 kb = 322 records
	#2: 1 kb = 347 records
	#3: 2 kb = 139 records
	#4: 3 kb = 91 records
	#5: 4 kb = 69 records
	#6: 5 kb = 48 records
	#7: 6 kb = 41 records
	#8: 7 kb = 24 records
	#9: 8 kb = 25 records
	#10: 9 kb = 12 records
	#11: 10 kb = 11 records
	#12: 11 kb = 10 records
	#13: 12 kb = 9 records
	#14: 13 kb = 3 records
	#15: 14 kb = 5 records
	#16: 15 kb = 5 records
	#17: 16 kb = 7 records
	#18: 17 kb = 2 records
	#19: 18 kb = 3 records
	#20: 19 kb = 4 records
	#21: 20 kb = 6 records
	#22: 21 kb = 3 records
	#23: 22 kb = 1 records
	#24: 23 kb = 2 records
	#25: 24 kb = 2 records
	#26: 25 kb = 3 records
	#27: 28 kb = 3 records
	#28: 31 kb = 1 records
	#29: 32 kb = 3 records
	#30: 33 kb = 1 records
	#31: 36 kb = 1 records
	#32: 39 kb = 1 records
	#33: 42 kb = 1 records
	#34: 56 kb = 1 records
	#35: 57 kb = 1 records
	#36: 59 kb = 1 records
	#37: 71 kb = 1 records
	#38: 73 kb = 1 records
	#39: 85 kb = 2 records
